<?xml version="1.0" encoding="UTF-8"?>
<testsuite xmlns:xsi="http://www.w3.org/2001/XMLSchema-instance" xsi:noNamespaceSchemaLocation="https://maven.apache.org/surefire/maven-surefire-plugin/xsd/surefire-test-report-3.0.xsd" version="3.0" name="edu.brown.cs.student.TestApiUtilities" time="0.106" tests="10" errors="0" skipped="0" failures="0">
  <properties>
[...]
</properties>
  <testcase name="testLoadJsonDataMissingInfo" classname="edu.brown.cs.student.TestApiUtilities" time="0.095"/>
  <testcase name="testLoadGeoJsonData" classname="edu.brown.cs.student.TestApiUtilities" time="0"/>
  <testcase name="testLoadJsonDataNotNeededInfo" classname="edu.brown.cs.student.TestApiUtilities" time="0"/>
  <testcase name="testToJsonStatus" classname="edu.brown.cs.student.TestApiUtilities" time="0.001"/>
  <testcase name="testFromJSON" classname="edu.brown.cs.student.TestApiUtilities" time="0"/>
  <testcase name="testToJsonContainer" classname="edu.brown.cs.student.TestApiUtilities" time="0"/>
  <testcase name="testFromJSONMap" classname="edu.brown.cs.student.TestApiUtilities" time="0.001">
    <system-out><![CDATA[{Key2=Value2, Key1=Value1}
{Key2=Value2, Key1=Value1, headerKey=headerVal}
]]></system-out>
    <system-err><![CDATA[Error parsing JSON: Result is Empty
]]></system-err>
  </testcase>
  <testcase name="testToJsonList" classname="edu.brown.cs.student.TestApiUtilities" time="0"/>
  <testcase name="testFromJSONMapCounties" classname="edu.brown.cs.student.TestApiUtilities" time="0.002">
    <system-out><![CDATA[{San Francisco County, California=Value2, San Francisco County=Value2}
]]></system-out>
    <system-err><![CDATA[Error parsing JSON: Result is Empty
]]></system-err>
  </testcase>
  <testcase name="testPrettyJson" classname="edu.brown.cs.student.TestApiUtilities" time="0"/>
</testsuite>